2026-02-28 14:56:58,505 [INFO] __main__: Запуск приложения «Межевой план»
2026-02-28 14:56:58,557 [INFO] __main__: Подключение к БД: sqlite:///megevoy.db
2026-02-28 14:56:58,563 [INFO] src.utils.init_db: Таблицы базы данных созданы (или уже существовали)
2026-02-28 14:56:58,607 [ERROR] __main__: Ошибка инициализации базы данных
Traceback (most recent call last):
  File "C:\Users\AbramovSergeyN\Downloads\megevoy-plan\src\main.py", line 47, in main
    init_db(engine)
  File "C:\Users\AbramovSergeyN\Downloads\megevoy-plan\src\utils\init_db.py", line 94, in init_db
    fill_if_empty(LandCategory, "categories.json")
  File "C:\Users\AbramovSergeyN\Downloads\megevoy-plan\src\utils\init_db.py", line 79, in fill_if_empty
    if session.query(model).count() == 0:
       ^^^^^^^^^^^^^^^^^^^^
  File "C:\Users\AbramovSergeyN\AppData\Local\Programs\Python\Python311\Lib\site-packages\sqlalchemy\orm\session.py", line 2941, in query
    return self._query_cls(entities, self, **kwargs)
           ^^^^^^^^^^^^^^^^^^^^^^^^^^^^^^^^^^^^^^^^^
  File "C:\Users\AbramovSergeyN\AppData\Local\Programs\Python\Python311\Lib\site-packages\sqlalchemy\orm\query.py", line 276, in __init__
    self._set_entities(entities)
  File "C:\Users\AbramovSergeyN\AppData\Local\Programs\Python\Python311\Lib\site-packages\sqlalchemy\orm\query.py", line 288, in _set_entities
    self._raw_columns = [
                        ^
  File "C:\Users\AbramovSergeyN\AppData\Local\Programs\Python\Python311\Lib\site-packages\sqlalchemy\orm\query.py", line 289, in <listcomp>
    coercions.expect(
  File "C:\Users\AbramovSergeyN\AppData\Local\Programs\Python\Python311\Lib\site-packages\sqlalchemy\sql\coercions.py", line 389, in expect
    insp._post_inspect
  File "C:\Users\AbramovSergeyN\AppData\Local\Programs\Python\Python311\Lib\site-packages\sqlalchemy\util\langhelpers.py", line 1235, in __get__
    obj.__dict__[self.__name__] = result = self.fget(obj)
                                           ^^^^^^^^^^^^^^
  File "C:\Users\AbramovSergeyN\AppData\Local\Programs\Python\Python311\Lib\site-packages\sqlalchemy\orm\mapper.py", line 2733, in _post_inspect
    self._check_configure()
  File "C:\Users\AbramovSergeyN\AppData\Local\Programs\Python\Python311\Lib\site-packages\sqlalchemy\orm\mapper.py", line 2410, in _check_configure
    _configure_registries({self.registry}, cascade=True)
  File "C:\Users\AbramovSergeyN\AppData\Local\Programs\Python\Python311\Lib\site-packages\sqlalchemy\orm\mapper.py", line 4227, in _configure_registries
    _do_configure_registries(registries, cascade)
  File "C:\Users\AbramovSergeyN\AppData\Local\Programs\Python\Python311\Lib\site-packages\sqlalchemy\orm\mapper.py", line 4268, in _do_configure_registries
    mapper._post_configure_properties()
  File "C:\Users\AbramovSergeyN\AppData\Local\Programs\Python\Python311\Lib\site-packages\sqlalchemy\orm\mapper.py", line 2427, in _post_configure_properties
    prop.init()
  File "C:\Users\AbramovSergeyN\AppData\Local\Programs\Python\Python311\Lib\site-packages\sqlalchemy\orm\interfaces.py", line 595, in init
    self.do_init()
  File "C:\Users\AbramovSergeyN\AppData\Local\Programs\Python\Python311\Lib\site-packages\sqlalchemy\orm\relationships.py", line 1654, in do_init
    self._process_dependent_arguments()
  File "C:\Users\AbramovSergeyN\AppData\Local\Programs\Python\Python311\Lib\site-packages\sqlalchemy\orm\relationships.py", line 1695, in _process_dependent_arguments
    rel_arg._resolve_against_registry(self._clsregistry_resolvers[1])
  File "C:\Users\AbramovSergeyN\AppData\Local\Programs\Python\Python311\Lib\site-packages\sqlalchemy\orm\relationships.py", line 270, in _resolve_against_registry
    self.resolved = clsregistry_resolver(
                    ^^^^^^^^^^^^^^^^^^^^^
  File "C:\Users\AbramovSergeyN\AppData\Local\Programs\Python\Python311\Lib\site-packages\sqlalchemy\orm\clsregistry.py", line 533, in __call__
    x = eval(self.arg, globals(), self._dict)
        ^^^^^^^^^^^^^^^^^^^^^^^^^^^^^^^^^^^^^
  File "<string>", line 1, in <module>
  File "C:\Users\AbramovSergeyN\AppData\Local\Programs\Python\Python311\Lib\site-packages\sqlalchemy\orm\clsregistry.py", line 368, in __getattr__
    raise AttributeError(
AttributeError: Class <class 'src.models.point.CharacteristicPoint'> does not have a mapped column named 'part_id'
