2026-02-28 14:50:52,821 [INFO] __main__: Запуск приложения «Межевой план»
2026-02-28 14:50:52,956 [INFO] __main__: Подключение к БД: sqlite:///megevoy.db
2026-02-28 14:50:53,174 [INFO] src.utils.init_db: Таблицы базы данных созданы (или уже существовали)
2026-02-28 14:50:53,199 [ERROR] __main__: Ошибка инициализации базы данных
Traceback (most recent call last):
  File "C:\Users\AbramovSergeyN\AppData\Local\Programs\Python\Python311\Lib\site-packages\sqlalchemy\orm\clsregistry.py", line 516, in _resolve_name
    rval = d[token]
           ~^^^^^^^
  File "C:\Users\AbramovSergeyN\AppData\Local\Programs\Python\Python311\Lib\site-packages\sqlalchemy\util\_collections.py", line 340, in __missing__
    self[key] = val = self.creator(key)
                      ^^^^^^^^^^^^^^^^^
  File "C:\Users\AbramovSergeyN\AppData\Local\Programs\Python\Python311\Lib\site-packages\sqlalchemy\orm\clsregistry.py", line 484, in _access_cls
    return self.fallback[key]
           ~~~~~~~~~~~~~^^^^^
KeyError: 'DocumentBase'

The above exception was the direct cause of the following exception:

Traceback (most recent call last):
  File "C:\Users\AbramovSergeyN\Downloads\megevoy-plan\src\main.py", line 47, in main
    init_db(engine)
  File "C:\Users\AbramovSergeyN\Downloads\megevoy-plan\src\utils\init_db.py", line 94, in init_db
    fill_if_empty(LandCategory, "categories.json")
  File "C:\Users\AbramovSergeyN\Downloads\megevoy-plan\src\utils\init_db.py", line 79, in fill_if_empty
    if session.query(model).count() == 0:
       ^^^^^^^^^^^^^^^^^^^^
  File "C:\Users\AbramovSergeyN\AppData\Local\Programs\Python\Python311\Lib\site-packages\sqlalchemy\orm\session.py", line 2941, in query
    return self._query_cls(entities, self, **kwargs)
           ^^^^^^^^^^^^^^^^^^^^^^^^^^^^^^^^^^^^^^^^^
  File "C:\Users\AbramovSergeyN\AppData\Local\Programs\Python\Python311\Lib\site-packages\sqlalchemy\orm\query.py", line 276, in __init__
    self._set_entities(entities)
  File "C:\Users\AbramovSergeyN\AppData\Local\Programs\Python\Python311\Lib\site-packages\sqlalchemy\orm\query.py", line 288, in _set_entities
    self._raw_columns = [
                        ^
  File "C:\Users\AbramovSergeyN\AppData\Local\Programs\Python\Python311\Lib\site-packages\sqlalchemy\orm\query.py", line 289, in <listcomp>
    coercions.expect(
  File "C:\Users\AbramovSergeyN\AppData\Local\Programs\Python\Python311\Lib\site-packages\sqlalchemy\sql\coercions.py", line 389, in expect
    insp._post_inspect
  File "C:\Users\AbramovSergeyN\AppData\Local\Programs\Python\Python311\Lib\site-packages\sqlalchemy\util\langhelpers.py", line 1235, in __get__
    obj.__dict__[self.__name__] = result = self.fget(obj)
                                           ^^^^^^^^^^^^^^
  File "C:\Users\AbramovSergeyN\AppData\Local\Programs\Python\Python311\Lib\site-packages\sqlalchemy\orm\mapper.py", line 2733, in _post_inspect
    self._check_configure()
  File "C:\Users\AbramovSergeyN\AppData\Local\Programs\Python\Python311\Lib\site-packages\sqlalchemy\orm\mapper.py", line 2410, in _check_configure
    _configure_registries({self.registry}, cascade=True)
  File "C:\Users\AbramovSergeyN\AppData\Local\Programs\Python\Python311\Lib\site-packages\sqlalchemy\orm\mapper.py", line 4227, in _configure_registries
    _do_configure_registries(registries, cascade)
  File "C:\Users\AbramovSergeyN\AppData\Local\Programs\Python\Python311\Lib\site-packages\sqlalchemy\orm\mapper.py", line 4268, in _do_configure_registries
    mapper._post_configure_properties()
  File "C:\Users\AbramovSergeyN\AppData\Local\Programs\Python\Python311\Lib\site-packages\sqlalchemy\orm\mapper.py", line 2427, in _post_configure_properties
    prop.init()
  File "C:\Users\AbramovSergeyN\AppData\Local\Programs\Python\Python311\Lib\site-packages\sqlalchemy\orm\interfaces.py", line 595, in init
    self.do_init()
  File "C:\Users\AbramovSergeyN\AppData\Local\Programs\Python\Python311\Lib\site-packages\sqlalchemy\orm\relationships.py", line 1655, in do_init
    self._setup_entity()
  File "C:\Users\AbramovSergeyN\AppData\Local\Programs\Python\Python311\Lib\site-packages\sqlalchemy\orm\relationships.py", line 1865, in _setup_entity
    self._clsregistry_resolve_name(argument)(),
    ^^^^^^^^^^^^^^^^^^^^^^^^^^^^^^^^^^^^^^^^^^
  File "C:\Users\AbramovSergeyN\AppData\Local\Programs\Python\Python311\Lib\site-packages\sqlalchemy\orm\clsregistry.py", line 520, in _resolve_name
    self._raise_for_name(name, err)
  File "C:\Users\AbramovSergeyN\AppData\Local\Programs\Python\Python311\Lib\site-packages\sqlalchemy\orm\clsregistry.py", line 501, in _raise_for_name
    raise exc.InvalidRequestError(
sqlalchemy.exc.InvalidRequestError: When initializing mapper Mapper[Project(project)], expression 'DocumentBase' failed to locate a name ('DocumentBase'). If this is a class name, consider adding this relationship() to the <class 'src.models.project.Project'> class after both dependent classes have been defined.
