2026-02-28 15:16:52,390 [INFO] __main__: Запуск приложения «Межевой план»
2026-02-28 15:16:52,439 [INFO] __main__: Подключение к БД: sqlite:///megevoy.db
2026-02-28 15:16:52,446 [INFO] src.utils.init_db: Таблицы базы данных созданы (или уже существовали)
2026-02-28 15:16:52,496 [ERROR] src.utils.init_db: Ошибка загрузки файла categories.json: [Errno 2] No such file or directory: 'C:\\Users\\AbramovSergeyN\\Downloads\\megevoy-plan\\resources\\dictionaries\\categories.json'
Traceback (most recent call last):
  File "C:\Users\AbramovSergeyN\Downloads\megevoy-plan\src\utils\init_db.py", line 49, in load_json
    with open(filepath, 'r', encoding='utf-8') as f:
         ^^^^^^^^^^^^^^^^^^^^^^^^^^^^^^^^^^^^^
FileNotFoundError: [Errno 2] No such file or directory: 'C:\\Users\\AbramovSergeyN\\Downloads\\megevoy-plan\\resources\\dictionaries\\categories.json'
2026-02-28 15:16:52,499 [INFO] src.utils.init_db: Таблица land_categories заполнена 0 записями из categories.json
2026-02-28 15:16:52,504 [ERROR] src.utils.init_db: Ошибка загрузки файла allowed_use.json: [Errno 2] No such file or directory: 'C:\\Users\\AbramovSergeyN\\Downloads\\megevoy-plan\\resources\\dictionaries\\allowed_use.json'
Traceback (most recent call last):
  File "C:\Users\AbramovSergeyN\Downloads\megevoy-plan\src\utils\init_db.py", line 49, in load_json
    with open(filepath, 'r', encoding='utf-8') as f:
         ^^^^^^^^^^^^^^^^^^^^^^^^^^^^^^^^^^^^^
FileNotFoundError: [Errno 2] No such file or directory: 'C:\\Users\\AbramovSergeyN\\Downloads\\megevoy-plan\\resources\\dictionaries\\allowed_use.json'
2026-02-28 15:16:52,505 [INFO] src.utils.init_db: Таблица allowed_uses заполнена 0 записями из allowed_use.json
2026-02-28 15:16:52,507 [ERROR] src.utils.init_db: Ошибка загрузки файла regions.json: [Errno 2] No such file or directory: 'C:\\Users\\AbramovSergeyN\\Downloads\\megevoy-plan\\resources\\dictionaries\\regions.json'
Traceback (most recent call last):
  File "C:\Users\AbramovSergeyN\Downloads\megevoy-plan\src\utils\init_db.py", line 49, in load_json
    with open(filepath, 'r', encoding='utf-8') as f:
         ^^^^^^^^^^^^^^^^^^^^^^^^^^^^^^^^^^^^^
FileNotFoundError: [Errno 2] No such file or directory: 'C:\\Users\\AbramovSergeyN\\Downloads\\megevoy-plan\\resources\\dictionaries\\regions.json'
2026-02-28 15:16:52,509 [INFO] src.utils.init_db: Таблица regions заполнена 0 записями из regions.json
2026-02-28 15:16:52,512 [ERROR] src.utils.init_db: Ошибка загрузки файла methods.json: [Errno 2] No such file or directory: 'C:\\Users\\AbramovSergeyN\\Downloads\\megevoy-plan\\resources\\dictionaries\\methods.json'
Traceback (most recent call last):
  File "C:\Users\AbramovSergeyN\Downloads\megevoy-plan\src\utils\init_db.py", line 49, in load_json
    with open(filepath, 'r', encoding='utf-8') as f:
         ^^^^^^^^^^^^^^^^^^^^^^^^^^^^^^^^^^^^^
FileNotFoundError: [Errno 2] No such file or directory: 'C:\\Users\\AbramovSergeyN\\Downloads\\megevoy-plan\\resources\\dictionaries\\methods.json'
2026-02-28 15:16:52,513 [INFO] src.utils.init_db: Таблица geopoint_methods заполнена 0 записями из methods.json
2026-02-28 15:16:52,515 [ERROR] src.utils.init_db: Ошибка загрузки файла encumbrances.json: [Errno 2] No such file or directory: 'C:\\Users\\AbramovSergeyN\\Downloads\\megevoy-plan\\resources\\dictionaries\\encumbrances.json'
Traceback (most recent call last):
  File "C:\Users\AbramovSergeyN\Downloads\megevoy-plan\src\utils\init_db.py", line 49, in load_json
    with open(filepath, 'r', encoding='utf-8') as f:
         ^^^^^^^^^^^^^^^^^^^^^^^^^^^^^^^^^^^^^
FileNotFoundError: [Errno 2] No such file or directory: 'C:\\Users\\AbramovSergeyN\\Downloads\\megevoy-plan\\resources\\dictionaries\\encumbrances.json'
2026-02-28 15:16:52,516 [INFO] src.utils.init_db: Таблица encumbrance_types заполнена 0 записями из encumbrances.json
2026-02-28 15:16:52,522 [ERROR] src.utils.init_db: Ошибка загрузки файла documents.json: [Errno 2] No such file or directory: 'C:\\Users\\AbramovSergeyN\\Downloads\\megevoy-plan\\resources\\dictionaries\\documents.json'
Traceback (most recent call last):
  File "C:\Users\AbramovSergeyN\Downloads\megevoy-plan\src\utils\init_db.py", line 49, in load_json
    with open(filepath, 'r', encoding='utf-8') as f:
         ^^^^^^^^^^^^^^^^^^^^^^^^^^^^^^^^^^^^^
FileNotFoundError: [Errno 2] No such file or directory: 'C:\\Users\\AbramovSergeyN\\Downloads\\megevoy-plan\\resources\\dictionaries\\documents.json'
2026-02-28 15:16:52,525 [INFO] src.utils.init_db: Таблица document_types заполнена 0 записями из documents.json
2026-02-28 15:16:52,557 [INFO] src.utils.init_db: Инициализация базы данных завершена
2026-02-28 15:16:52,557 [INFO] __main__: База данных инициализирована
2026-02-28 15:16:52,604 [DEBUG] src.services.project_service: Загружено 1 проектов
2026-02-28 15:16:52,604 [DEBUG] src.gui.widgets.parcel_table: Модель таблицы обновлена: 0 участков
2026-02-28 15:16:52,606 [INFO] src.gui.main_window: Главное окно инициализировано
2026-02-28 15:17:29,499 [INFO] src.services.project_service: Создан проект ID=2, name='Тест'
2026-02-28 15:17:29,500 [DEBUG] src.gui.widgets.parcel_table: Модель таблицы обновлена: 0 участков
2026-02-28 15:17:29,501 [INFO] src.gui.main_window: Создан проект 2
2026-02-28 15:18:26,693 [INFO] __main__: Приложение завершено
